<?xml version="1.0" encoding="UTF-8"?>
<testsuite name="sample.SampleApplicationTest" tests="1" skipped="0" failures="0" errors="0" timestamp="2020-12-31T13:14:35" hostname="hyunjiui-MacBookPro.local" time="0.197">
  <properties/>
  <testcase name="contextLoads" classname="sample.SampleApplicationTest" time="0.197"/>
  <system-out><![CDATA[22:14:31.726 [Test worker] DEBUG org.springframework.test.context.junit4.SpringJUnit4ClassRunner - SpringJUnit4ClassRunner constructor called with [class sample.SampleApplicationTest]
22:14:31.733 [Test worker] DEBUG org.springframework.test.context.BootstrapUtils - Instantiating CacheAwareContextLoaderDelegate from class [org.springframework.test.context.cache.DefaultCacheAwareContextLoaderDelegate]
22:14:31.739 [Test worker] DEBUG org.springframework.test.context.BootstrapUtils - Instantiating BootstrapContext using constructor [public org.springframework.test.context.support.DefaultBootstrapContext(java.lang.Class,org.springframework.test.context.CacheAwareContextLoaderDelegate)]
22:14:31.758 [Test worker] DEBUG org.springframework.test.context.BootstrapUtils - Instantiating TestContextBootstrapper for test class [sample.SampleApplicationTest] from class [org.springframework.boot.test.context.SpringBootTestContextBootstrapper]
22:14:31.769 [Test worker] INFO org.springframework.boot.test.context.SpringBootTestContextBootstrapper - Neither @ContextConfiguration nor @ContextHierarchy found for test class [sample.SampleApplicationTest], using SpringBootContextLoader
22:14:31.771 [Test worker] DEBUG org.springframework.test.context.support.AbstractContextLoader - Did not detect default resource location for test class [sample.SampleApplicationTest]: class path resource [sample/SampleApplicationTest-context.xml] does not exist
22:14:31.772 [Test worker] DEBUG org.springframework.test.context.support.AbstractContextLoader - Did not detect default resource location for test class [sample.SampleApplicationTest]: class path resource [sample/SampleApplicationTestContext.groovy] does not exist
22:14:31.772 [Test worker] INFO org.springframework.test.context.support.AbstractContextLoader - Could not detect default resource locations for test class [sample.SampleApplicationTest]: no resource found for suffixes {-context.xml, Context.groovy}.
22:14:31.773 [Test worker] INFO org.springframework.test.context.support.AnnotationConfigContextLoaderUtils - Could not detect default configuration classes for test class [sample.SampleApplicationTest]: SampleApplicationTest does not declare any static, non-private, non-final, nested classes annotated with @Configuration.
22:14:31.812 [Test worker] DEBUG org.springframework.test.context.support.ActiveProfilesUtils - Could not find an 'annotation declaring class' for annotation type [org.springframework.test.context.ActiveProfiles] and class [sample.SampleApplicationTest]
22:14:31.869 [Test worker] DEBUG org.springframework.context.annotation.ClassPathScanningCandidateComponentProvider - Identified candidate component class: file [/Users/hyunjichoi/Desktop/damdeeng/build/classes/java/main/sample/SampleApplication.class]
22:14:31.871 [Test worker] INFO org.springframework.boot.test.context.SpringBootTestContextBootstrapper - Found @SpringBootConfiguration sample.SampleApplication for test class sample.SampleApplicationTest
22:14:31.956 [Test worker] DEBUG org.springframework.boot.test.context.SpringBootTestContextBootstrapper - @TestExecutionListeners is not present for class [sample.SampleApplicationTest]: using defaults.
22:14:31.956 [Test worker] INFO org.springframework.boot.test.context.SpringBootTestContextBootstrapper - Loaded default TestExecutionListener class names from location [META-INF/spring.factories]: [org.springframework.boot.test.autoconfigure.restdocs.RestDocsTestExecutionListener, org.springframework.boot.test.autoconfigure.web.client.MockRestServiceServerResetTestExecutionListener, org.springframework.boot.test.autoconfigure.web.servlet.MockMvcPrintOnlyOnFailureTestExecutionListener, org.springframework.boot.test.autoconfigure.web.servlet.WebDriverTestExecutionListener, org.springframework.boot.test.mock.mockito.MockitoTestExecutionListener, org.springframework.boot.test.mock.mockito.ResetMocksTestExecutionListener, org.springframework.test.context.web.ServletTestExecutionListener, org.springframework.test.context.support.DirtiesContextBeforeModesTestExecutionListener, org.springframework.test.context.support.DependencyInjectionTestExecutionListener, org.springframework.test.context.support.DirtiesContextTestExecutionListener, org.springframework.test.context.transaction.TransactionalTestExecutionListener, org.springframework.test.context.jdbc.SqlScriptsTestExecutionListener]
22:14:31.972 [Test worker] INFO org.springframework.boot.test.context.SpringBootTestContextBootstrapper - Using TestExecutionListeners: [org.springframework.test.context.web.ServletTestExecutionListener@6b98bf1c, org.springframework.test.context.support.DirtiesContextBeforeModesTestExecutionListener@11233cdf, org.springframework.boot.test.mock.mockito.MockitoTestExecutionListener@4e6b912f, org.springframework.boot.test.autoconfigure.SpringBootDependencyInjectionTestExecutionListener@1ae874f7, org.springframework.test.context.support.DirtiesContextTestExecutionListener@342658e9, org.springframework.test.context.transaction.TransactionalTestExecutionListener@3ceb5f76, org.springframework.test.context.jdbc.SqlScriptsTestExecutionListener@2e1b532d, org.springframework.boot.test.autoconfigure.restdocs.RestDocsTestExecutionListener@778dd5d5, org.springframework.boot.test.autoconfigure.web.client.MockRestServiceServerResetTestExecutionListener@716a3add, org.springframework.boot.test.autoconfigure.web.servlet.MockMvcPrintOnlyOnFailureTestExecutionListener@171cdb69, org.springframework.boot.test.autoconfigure.web.servlet.WebDriverTestExecutionListener@636a709c, org.springframework.boot.test.mock.mockito.ResetMocksTestExecutionListener@7ad02259]
22:14:31.975 [Test worker] DEBUG org.springframework.test.annotation.ProfileValueUtils - Retrieved @ProfileValueSourceConfiguration [null] for test class [sample.SampleApplicationTest]
22:14:31.976 [Test worker] DEBUG org.springframework.test.annotation.ProfileValueUtils - Retrieved ProfileValueSource type [class org.springframework.test.annotation.SystemProfileValueSource] for class [sample.SampleApplicationTest]
22:14:31.978 [Test worker] DEBUG org.springframework.test.annotation.ProfileValueUtils - Retrieved @ProfileValueSourceConfiguration [null] for test class [sample.SampleApplicationTest]
22:14:31.978 [Test worker] DEBUG org.springframework.test.annotation.ProfileValueUtils - Retrieved ProfileValueSource type [class org.springframework.test.annotation.SystemProfileValueSource] for class [sample.SampleApplicationTest]
22:14:31.979 [Test worker] DEBUG org.springframework.test.annotation.ProfileValueUtils - Retrieved @ProfileValueSourceConfiguration [null] for test class [sample.SampleApplicationTest]
22:14:31.979 [Test worker] DEBUG org.springframework.test.annotation.ProfileValueUtils - Retrieved ProfileValueSource type [class org.springframework.test.annotation.SystemProfileValueSource] for class [sample.SampleApplicationTest]
22:14:31.983 [Test worker] DEBUG org.springframework.test.context.support.AbstractDirtiesContextTestExecutionListener - Before test class: context [DefaultTestContext@5a2cd8b6 testClass = SampleApplicationTest, testInstance = [null], testMethod = [null], testException = [null], mergedContextConfiguration = [WebMergedContextConfiguration@40ff7a3b testClass = SampleApplicationTest, locations = '{}', classes = '{class sample.SampleApplication}', contextInitializerClasses = '[]', activeProfiles = '{}', propertySourceLocations = '{}', propertySourceProperties = '{org.springframework.boot.test.context.SpringBootTestContextBootstrapper=true}', contextCustomizers = set[org.springframework.boot.test.autoconfigure.properties.PropertyMappingContextCustomizer@0, org.springframework.boot.test.autoconfigure.web.servlet.WebDriverContextCustomizerFactory$Customizer@268aa909, org.springframework.boot.test.context.filter.ExcludeFilterContextCustomizer@45024267, org.springframework.boot.test.json.DuplicateJsonObjectContextCustomizerFactory$DuplicateJsonObjectContextCustomizer@37c26598, org.springframework.boot.test.mock.mockito.MockitoContextCustomizer@0, org.springframework.boot.test.web.client.TestRestTemplateContextCustomizer@2ed539a3], resourceBasePath = 'src/main/webapp', contextLoader = 'org.springframework.boot.test.context.SpringBootContextLoader', parent = [null]], attributes = map['org.springframework.test.context.web.ServletTestExecutionListener.activateListener' -> true]], class annotated with @DirtiesContext [false] with mode [null].
22:14:31.983 [Test worker] DEBUG org.springframework.test.annotation.ProfileValueUtils - Retrieved @ProfileValueSourceConfiguration [null] for test class [sample.SampleApplicationTest]
22:14:31.983 [Test worker] DEBUG org.springframework.test.annotation.ProfileValueUtils - Retrieved ProfileValueSource type [class org.springframework.test.annotation.SystemProfileValueSource] for class [sample.SampleApplicationTest]
22:14:32.004 [Test worker] DEBUG org.springframework.test.context.support.TestPropertySourceUtils - Adding inlined properties to environment: {spring.jmx.enabled=false, org.springframework.boot.test.context.SpringBootTestContextBootstrapper=true, server.port=-1}

  .   ____          _            __ _ _
 /\\ / ___'_ __ _ _(_)_ __  __ _ \ \ \ \
( ( )\___ | '_ | '_| | '_ \/ _` | \ \ \ \
 \\/  ___)| |_)| | | | | || (_| |  ) ) ) )
  '  |____| .__|_| |_|_| |_\__, | / / / /
 =========|_|==============|___/=/_/_/_/
 :: Spring Boot ::        (v2.1.9.RELEASE)

2020-12-31 22:14:32.442  INFO 6777 --- [    Test worker] sample.SampleApplicationTest             : Starting SampleApplicationTest on hyunjiui-MacBookPro.local with PID 6777 (started by hyunjichoi in /Users/hyunjichoi/Desktop/damdeeng)
2020-12-31 22:14:32.444  INFO 6777 --- [    Test worker] sample.SampleApplicationTest             : No active profile set, falling back to default profiles: default
2020-12-31 22:14:33.071  WARN 6777 --- [    Test worker] o.m.s.mapper.ClassPathMapperScanner      : No MyBatis mapper was found in '[sample]' package. Please check your configuration.
2020-12-31 22:14:33.485  INFO 6777 --- [    Test worker] com.zaxxer.hikari.HikariDataSource       : HikariPool-1 - Starting...
2020-12-31 22:14:33.874  INFO 6777 --- [    Test worker] com.zaxxer.hikari.HikariDataSource       : HikariPool-1 - Start completed.
HikariDataSource (HikariPool-1)
2020-12-31 22:14:34.585  INFO 6777 --- [    Test worker] o.s.s.concurrent.ThreadPoolTaskExecutor  : Initializing ExecutorService 'applicationTaskExecutor'
2020-12-31 22:14:35.039  INFO 6777 --- [    Test worker] sample.SampleApplicationTest             : Started SampleApplicationTest in 3.013 seconds (JVM running for 3.895)
]]></system-out>
  <system-err><![CDATA[]]></system-err>
</testsuite>
